0 info it worked if it ends with ok
1 verbose cli [ 'C:\\Program Files\\nodejs\\node.exe',
1 verbose cli   'C:\\Program Files\\nodejs\\node_modules\\npm\\bin\\npm-cli.js',
1 verbose cli   'run',
1 verbose cli   'initsql' ]
2 info using npm@3.10.10
3 info using node@v6.11.2
4 verbose run-script [ 'preinitsql', 'initsql', 'postinitsql' ]
5 info lifecycle webapp@1.0.0~preinitsql: webapp@1.0.0
6 silly lifecycle webapp@1.0.0~preinitsql: no script for preinitsql, continuing
7 info lifecycle webapp@1.0.0~initsql: webapp@1.0.0
8 verbose lifecycle webapp@1.0.0~initsql: unsafe-perm in lifecycle true
9 verbose lifecycle webapp@1.0.0~initsql: PATH: C:\Program Files\nodejs\node_modules\npm\bin\node-gyp-bin;N:\GitHub\web app\webapp\node_modules\.bin;C:\Program Files\nodejs\node_modules\npm\bin\node-gyp-bin;N:\GitHub\web app\webapp\node_modules\.bin;N:\bin;C:\Users\up863564\AppData\Local\Programs\Git\mingw64\bin;C:\Users\up863564\AppData\Local\Programs\Git\usr\local\bin;C:\Users\up863564\AppData\Local\Programs\Git\usr\bin;C:\Users\up863564\AppData\Local\Programs\Git\usr\bin;C:\Users\up863564\AppData\Local\Programs\Git\mingw64\bin;C:\Users\up863564\AppData\Local\Programs\Git\usr\bin;N:\bin;C:\ProgramData\Oracle\Java\javapath;C:\WINDOWS\system32;C:\WINDOWS;C:\WINDOWS\System32\Wbem;C:\WINDOWS\System32\WindowsPowerShell\v1.0;C:\Users\up863564\AppData\Local\Microsoft\WindowsApps;C:\Program Files\nodejs;C:\Users\up863564\AppData\Roaming\npm;C:\Users\up863564\AppData\Local\GitHubDesktop\bin;C:\Users\up863564\AppData\Local\Programs\Git\cmd;C:\Users\up863564\AppData\Local\Programs\Git\usr\bin\vendor_perl;C:\Users\up863564\AppData\Local\Programs\Git\usr\bin\core_perl
10 verbose lifecycle webapp@1.0.0~initsql: CWD: N:\GitHub\web app\webapp
11 silly lifecycle webapp@1.0.0~initsql: Args: [ '/d /s /c', 'mysql -u root -p < sql_init.sql' ]
12 silly lifecycle webapp@1.0.0~initsql: Returned: code: 1  signal: null
13 info lifecycle webapp@1.0.0~initsql: Failed to exec initsql script
14 verbose stack Error: webapp@1.0.0 initsql: `mysql -u root -p < sql_init.sql`
14 verbose stack Exit status 1
14 verbose stack     at EventEmitter.<anonymous> (C:\Program Files\nodejs\node_modules\npm\lib\utils\lifecycle.js:255:16)
14 verbose stack     at emitTwo (events.js:106:13)
14 verbose stack     at EventEmitter.emit (events.js:191:7)
14 verbose stack     at ChildProcess.<anonymous> (C:\Program Files\nodejs\node_modules\npm\lib\utils\spawn.js:40:14)
14 verbose stack     at emitTwo (events.js:106:13)
14 verbose stack     at ChildProcess.emit (events.js:191:7)
14 verbose stack     at maybeClose (internal/child_process.js:891:16)
14 verbose stack     at Process.ChildProcess._handle.onexit (internal/child_process.js:226:5)
15 verbose pkgid webapp@1.0.0
16 verbose cwd N:\GitHub\web app\webapp
17 error Windows_NT 10.0.16299
18 error argv "C:\\Program Files\\nodejs\\node.exe" "C:\\Program Files\\nodejs\\node_modules\\npm\\bin\\npm-cli.js" "run" "initsql"
19 error node v6.11.2
20 error npm  v3.10.10
21 error code ELIFECYCLE
22 error webapp@1.0.0 initsql: `mysql -u root -p < sql_init.sql`
22 error Exit status 1
23 error Failed at the webapp@1.0.0 initsql script 'mysql -u root -p < sql_init.sql'.
23 error Make sure you have the latest version of node.js and npm installed.
23 error If you do, this is most likely a problem with the webapp package,
23 error not with npm itself.
23 error Tell the author that this fails on your system:
23 error     mysql -u root -p < sql_init.sql
23 error You can get information on how to open an issue for this project with:
23 error     npm bugs webapp
23 error Or if that isn't available, you can get their info via:
23 error     npm owner ls webapp
23 error There is likely additional logging output above.
24 verbose exit [ 1, true ]
